<?xml version="1.0" encoding="UTF-8"?>
<coverage generated="1772559756488" clover="3.2.0">
  <project timestamp="1772559756488" name="All files">
    <metrics statements="12" coveredstatements="12" conditionals="18" coveredconditionals="18" methods="2" coveredmethods="2" elements="32" coveredelements="32" complexity="0" loc="12" ncloc="12" packages="1" files="1" classes="1"/>
    <file name="juego.js" path="/workspaces/tdd-es-par/Juego/juego.js">
      <metrics statements="12" coveredstatements="12" conditionals="18" coveredconditionals="18" methods="2" coveredmethods="2"/>
      <line num="4" count="5" type="cond" truecount="4" falsecount="0"/>
      <line num="5" count="1" type="stmt"/>
      <line num="7" count="4" type="cond" truecount="4" falsecount="0"/>
      <line num="8" count="1" type="stmt"/>
      <line num="10" count="3" type="cond" truecount="2" falsecount="0"/>
      <line num="11" count="2" type="cond" truecount="2" falsecount="0"/>
      <line num="12" count="1" type="stmt"/>
      <line num="16" count="8" type="cond" truecount="2" falsecount="0"/>
      <line num="17" count="6" type="cond" truecount="2" falsecount="0"/>
      <line num="18" count="4" type="cond" truecount="2" falsecount="0"/>
      <line num="19" count="1" type="stmt"/>
      <line num="22" count="1" type="stmt"/>
    </file>
  </project>
</coverage>
